Build target 'Target 1'
compiling main.c...
linking...
*** WARNING L1: UNRESOLVED EXTERNAL SYMBOL
    SYMBOL:  WIFI_INIT
    MODULE:  .\Objects\main.obj (MAIN)

*** WARNING L1: UNRESOLVED EXTERNAL SYMBOL
    SYMBOL:  MOTO
    MODULE:  .\Objects\main.obj (MAIN)

*** WARNING L1: UNRESOLVED EXTERNAL SYMBOL
    SYMBOL:  USARTINIT
    MODULE:  .\Objects\main.obj (MAIN)

*** WARNING L1: UNRESOLVED EXTERNAL SYMBOL
    SYMBOL:  _SENT_AT
    MODULE:  .\Objects\main.obj (MAIN)

*** WARNING L1: UNRESOLVED EXTERNAL SYMBOL
    SYMBOL:  _DELAY_MS
    MODULE:  .\Objects\main.obj (MAIN)

*** WARNING L1: UNRESOLVED EXTERNAL SYMBOL
    SYMBOL:  I
    MODULE:  .\Objects\main.obj (MAIN)

*** WARNING L1: UNRESOLVED EXTERNAL SYMBOL
    SYMBOL:  MOTOMODE
    MODULE:  .\Objects\main.obj (MAIN)

*** WARNING L1: UNRESOLVED EXTERNAL SYMBOL
    SYMBOL:  PWMINIT
    MODULE:  .\Objects\main.obj (MAIN)

*** WARNING L2: REFERENCE MADE TO UNRESOLVED EXTERNAL
    SYMBOL:  MOTO
    MODULE:  .\Objects\main.obj (MAIN)
    ADDRESS: 0276H

*** WARNING L2: REFERENCE MADE TO UNRESOLVED EXTERNAL
    SYMBOL:  I
    MODULE:  .\Objects\main.obj (MAIN)
    ADDRESS: 0040H

*** WARNING L2: REFERENCE MADE TO UNRESOLVED EXTERNAL
    SYMBOL:  I
    MODULE:  .\Objects\main.obj (MAIN)
    ADDRESS: 004AH

*** WARNING L2: REFERENCE MADE TO UNRESOLVED EXTERNAL
    SYMBOL:  I
    MODULE:  .\Objects\main.obj (MAIN)
    ADDRESS: 004CH

*** WARNING L2: REFERENCE MADE TO UNRESOLVED EXTERNAL
    SYMBOL:  I
    MODULE:  .\Objects\main.obj (MAIN)
    ADDRESS: 0050H

*** WARNING L2: REFERENCE MADE TO UNRESOLVED EXTERNAL
    SYMBOL:  I
    MODULE:  .\Objects\main.obj (MAIN)
    ADDRESS: 0058H

*** WARNING L2: REFERENCE MADE TO UNRESOLVED EXTERNAL
    SYMBOL:  I
    MODULE:  .\Objects\main.obj (MAIN)
    ADDRESS: 005BH

*** WARNING L2: REFERENCE MADE TO UNRESOLVED EXTERNAL
    SYMBOL:  I
    MODULE:  .\Objects\main.obj (MAIN)
    ADDRESS: 005FH

*** WARNING L2: REFERENCE MADE TO UNRESOLVED EXTERNAL
    SYMBOL:  I
    MODULE:  .\Objects\main.obj (MAIN)
    ADDRESS: 0063H

*** WARNING L2: REFERENCE MADE TO UNRESOLVED EXTERNAL
    SYMBOL:  MOTOMODE
    MODULE:  .\Objects\main.obj (MAIN)
    ADDRESS: 00B6H

*** WARNING L2: REFERENCE MADE TO UNRESOLVED EXTERNAL
    SYMBOL:  MOTOMODE
    MODULE:  .\Objects\main.obj (MAIN)
    ADDRESS: 00B9H

*** WARNING L2: REFERENCE MADE TO UNRESOLVED EXTERNAL
    SYMBOL:  MOTOMODE
    MODULE:  .\Objects\main.obj (MAIN)
    ADDRESS: 00C0H

*** WARNING L2: REFERENCE MADE TO UNRESOLVED EXTERNAL
    SYMBOL:  MOTOMODE
    MODULE:  .\Objects\main.obj (MAIN)
    ADDRESS: 00C3H

*** WARNING L2: REFERENCE MADE TO UNRESOLVED EXTERNAL
    SYMBOL:  MOTOMODE
    MODULE:  .\Objects\main.obj (MAIN)
    ADDRESS: 00CAH

*** WARNING L2: REFERENCE MADE TO UNRESOLVED EXTERNAL
    SYMBOL:  MOTOMODE
    MODULE:  .\Objects\main.obj (MAIN)
    ADDRESS: 00CDH

*** WARNING L2: REFERENCE MADE TO UNRESOLVED EXTERNAL
    SYMBOL:  MOTOMODE
    MODULE:  .\Objects\main.obj (MAIN)
    ADDRESS: 00D4H

*** WARNING L2: REFERENCE MADE TO UNRESOLVED EXTERNAL
    SYMBOL:  MOTOMODE
    MODULE:  .\Objects\main.obj (MAIN)
    ADDRESS: 00D7H

*** WARNING L2: REFERENCE MADE TO UNRESOLVED EXTERNAL
    SYMBOL:  MOTOMODE
    MODULE:  .\Objects\main.obj (MAIN)
    ADDRESS: 00DEH

*** WARNING L2: REFERENCE MADE TO UNRESOLVED EXTERNAL
    SYMBOL:  MOTOMODE
    MODULE:  .\Objects\main.obj (MAIN)
    ADDRESS: 00E1H

*** WARNING L2: REFERENCE MADE TO UNRESOLVED EXTERNAL
    SYMBOL:  I
    MODULE:  .\Objects\main.obj (MAIN)
    ADDRESS: 010AH

*** WARNING L2: REFERENCE MADE TO UNRESOLVED EXTERNAL
    SYMBOL:  I
    MODULE:  .\Objects\main.obj (MAIN)
    ADDRESS: 010DH

*** WARNING L2: REFERENCE MADE TO UNRESOLVED EXTERNAL
    SYMBOL:  PWMINIT
    MODULE:  .\Objects\main.obj (MAIN)
    ADDRESS: 0297H

*** WARNING L2: REFERENCE MADE TO UNRESOLVED EXTERNAL
    SYMBOL:  _DELAY_MS
    MODULE:  .\Objects\main.obj (MAIN)
    ADDRESS: 029EH

*** WARNING L2: REFERENCE MADE TO UNRESOLVED EXTERNAL
    SYMBOL:  _DELAY_MS
    MODULE:  .\Objects\main.obj (MAIN)
    ADDRESS: 02C5H

*** WARNING L2: REFERENCE MADE TO UNRESOLVED EXTERNAL
    SYMBOL:  USARTINIT
    MODULE:  .\Objects\main.obj (MAIN)
    ADDRESS: 02C8H

*** WARNING L2: REFERENCE MADE TO UNRESOLVED EXTERNAL
    SYMBOL:  WIFI_INIT
    MODULE:  .\Objects\main.obj (MAIN)
    ADDRESS: 02CBH

*** WARNING L2: REFERENCE MADE TO UNRESOLVED EXTERNAL
    SYMBOL:  _SENT_AT
    MODULE:  .\Objects\main.obj (MAIN)
    ADDRESS: 02DAH

*** WARNING L2: REFERENCE MADE TO UNRESOLVED EXTERNAL
    SYMBOL:  _DELAY_MS
    MODULE:  .\Objects\main.obj (MAIN)
    ADDRESS: 02E3H

*** WARNING L2: REFERENCE MADE TO UNRESOLVED EXTERNAL
    SYMBOL:  MOTOMODE
    MODULE:  .\Objects\main.obj (MAIN)
    ADDRESS: 02EDH

*** WARNING L2: REFERENCE MADE TO UNRESOLVED EXTERNAL
    SYMBOL:  MOTOMODE
    MODULE:  .\Objects\main.obj (MAIN)
    ADDRESS: 02EFH

*** WARNING L2: REFERENCE MADE TO UNRESOLVED EXTERNAL
    SYMBOL:  MOTOMODE
    MODULE:  .\Objects\main.obj (MAIN)
    ADDRESS: 02F3H

*** WARNING L2: REFERENCE MADE TO UNRESOLVED EXTERNAL
    SYMBOL:  MOTOMODE
    MODULE:  .\Objects\main.obj (MAIN)
    ADDRESS: 02F8H

*** WARNING L2: REFERENCE MADE TO UNRESOLVED EXTERNAL
    SYMBOL:  MOTOMODE
    MODULE:  .\Objects\main.obj (MAIN)
    ADDRESS: 02FFH

*** WARNING L2: REFERENCE MADE TO UNRESOLVED EXTERNAL
    SYMBOL:  MOTOMODE
    MODULE:  .\Objects\main.obj (MAIN)
    ADDRESS: 0301H

Program Size: data=35.1 xdata=0 code=834
creating hex file from ".\Objects\remote_car"...
".\Objects\remote_car" - 0 Error(s), 42 Warning(s).
Build Time Elapsed:  00:00:00
